<?xml version="1.0" encoding="UTF-8"?>
<testsuite name="SquadTest" tests="10" skipped="0" failures="0" errors="0" timestamp="2020-09-13T09:08:33" hostname="moringa-ThinkPad-X250" time="0.01">
  <properties/>
  <testcase name="Squad_ContainsSquadInstances_true" classname="SquadTest" time="0.004"/>
  <testcase name="getMaxSize_SquadInstantiatesWithMaxSize_true" classname="SquadTest" time="0.0"/>
  <testcase name="heroAlreadyExists_checksIfHeroExistsinSquads_true" classname="SquadTest" time="0.001"/>
  <testcase name="addHero_addsHeroToList_true" classname="SquadTest" time="0.0"/>
  <testcase name="getId_SquadInstantiateWithAnID_1" classname="SquadTest" time="0.0"/>
  <testcase name="clearAllSquads_SquadClearAllInstances_true" classname="SquadTest" time="0.0"/>
  <testcase name="AllSquadsAreCorrectlyReturned_true" classname="SquadTest" time="0.0"/>
  <testcase name="creates_instanceOfSquad_true" classname="SquadTest" time="0.0"/>
  <testcase name="getCause_SquadInstantiatesWithSquadCause_true" classname="SquadTest" time="0.0"/>
  <testcase name="getName_SquadInstantiatesWithSquadName_true" classname="SquadTest" time="0.0"/>
  <system-out><![CDATA[]]></system-out>
  <system-err><![CDATA[]]></system-err>
</testsuite>
