<?xml version="1.0" encoding="UTF-8"?>
<testsuite name="AppTest" tests="1" skipped="0" failures="0" errors="0" timestamp="2020-09-12T12:41:35" hostname="moringa-ThinkPad-X250" time="0.003">
  <properties/>
  <testcase name="creates_instanceOfApp_true" classname="AppTest" time="0.003"/>
  <system-out><![CDATA[]]></system-out>
  <system-err><![CDATA[]]></system-err>
</testsuite>
