<?xml version="1.0" encoding="UTF-8"?>
<testsuite name="SquadTest" tests="1" skipped="0" failures="0" errors="0" timestamp="2020-09-12T10:52:43" hostname="moringa-ThinkPad-X250" time="0.002">
  <properties/>
  <testcase name="creates_instanceOfSquad_true" classname="SquadTest" time="0.002"/>
  <system-out><![CDATA[]]></system-out>
  <system-err><![CDATA[]]></system-err>
</testsuite>
