<?xml version="1.0" encoding="UTF-8"?>
<testsuite name="models.HeroTest" tests="8" skipped="0" failures="0" errors="0" timestamp="2020-09-13T11:02:46" hostname="moringa-ThinkPad-X250" time="0.005">
  <properties/>
  <testcase name="HeroInstantiatesWithName_true" classname="models.HeroTest" time="0.001"/>
  <testcase name="HeroInstantiatesWithAge_32" classname="models.HeroTest" time="0.0"/>
  <testcase name="HeroInstantiatesCorrectly_true" classname="models.HeroTest" time="0.001"/>
  <testcase name="AllHeroesAreCorrectlyReturned" classname="models.HeroTest" time="0.0"/>
  <testcase name="addHeroToSquad" classname="models.HeroTest" time="0.001"/>
  <testcase name="HeroInstantiatesWithWeakness_Robin" classname="models.HeroTest" time="0.0"/>
  <testcase name="AllHeroesContainsAllHeroes" classname="models.HeroTest" time="0.0"/>
  <testcase name="HeroInstantiatesWithSpecialPower_Sulking" classname="models.HeroTest" time="0.001"/>
  <system-out><![CDATA[]]></system-out>
  <system-err><![CDATA[]]></system-err>
</testsuite>
