<?xml version="1.0" encoding="UTF-8"?>
<testsuite name="HeroTest" tests="1" skipped="0" failures="0" errors="0" timestamp="2020-09-12T12:41:35" hostname="moringa-ThinkPad-X250" time="0.001">
  <properties/>
  <testcase name="creates_instanceOfHero_true" classname="HeroTest" time="0.001"/>
  <system-out><![CDATA[]]></system-out>
  <system-err><![CDATA[]]></system-err>
</testsuite>
